DEBUG 2023-08-03 22:55:41.321 UTC: 	 CRAB Client version: v3.230612
DEBUG 2023-08-03 22:55:41.321 UTC: 	 Running on: Linux cmslpc107.fnal.gov 3.10.0-1160.88.1.el7.x86_64 #1 SMP Tue Mar 7 08:37:40 CST 2023 x86_64 x86_64 x86_64 GNU/Linux - Scientific Linux 7.9 (Nitrogen)
DEBUG 2023-08-03 22:55:41.321 UTC: 	 Executing command: 'submit'
DEBUG 2023-08-03 22:55:41.321 UTC: 	 Found CRAB cache file /uscms/home/bbbam/.crab3
INFO 2023-08-03 22:55:41.323 UTC: 	 Will use CRAB configuration file crabConfig_gen_HToAATo4Tau_hadronic.py
DEBUG 2023-08-03 22:55:41.323 UTC: 	 Loading CRAB configuration file.
DEBUG 2023-08-03 22:55:41.337 UTC: 	 Will use CRAB PrivateMC plugin (i.e. will run a MC generation job type).
ERROR 2023-08-03 22:55:41.363 UTC: 	 Unhandled Exception!
ERROR 2023-08-03 22:55:41.363 UTC: 	 [Errno 122] Disk quota exceeded
Traceback (most recent call last):
  File "/cvmfs/cms.cern.ch/share/cms/crab-prod/v3.230612.00/bin/crab.py", line 159, in <module>
    client()
  File "/cvmfs/cms.cern.ch/share/cms/crab-prod/v3.230612.00/bin/crab.py", line 144, in __call__
    self.cmd = sub_cmd(self.logger, args[1:])
File "/cvmfs/cms.cern.ch/share/cms/crab-prod/v3.230612.00/lib/CRABClient/Commands/submit.py", line 36, in __init__
    SubCommand.__init__(self, logger, cmdargs, disable_interspersed_args=True)
  File "/cvmfs/cms.cern.ch/share/cms/crab-prod/v3.230612.00/lib/CRABClient/Commands/SubCommand.py", line 346, in __init__
    self.updateCRABCacheFile()
  File "/cvmfs/cms.cern.ch/share/cms/crab-prod/v3.230612.00/lib/CRABClient/Commands/SubCommand.py", line 583, in updateCRABCacheFile
    json.dump(self.crab3dic, fd)
IOError: [Errno 122] Disk quota exceeded
ERROR 2023-08-03 22:55:41.364 UTC: 	 ERROR: IOError: [Errno 122] Disk quota exceeded
ERROR 2023-08-03 22:55:41.365 UTC: 	 
	Please email cmstalk+computing-tools@dovecotmta.cern.ch for support with the crab.log file or crab.log URL.
ERROR 2023-08-03 22:55:41.365 UTC: 	 	Client Version: v3.230612
ERROR 2023-08-03 22:55:41.365 UTC: 	 	Please use 'crab uploadlog' to upload the log file /uscms_data/d3/bbbam/analysis/MCGeneration/CMSSW_10_6_20/src/MCProduction/E2E-HToAATo4Tau/crab_MC/crab_gen_HToAATo4Tau_Hadronic_tauDR0p4_M3p7_ctau0To3_eta0To2p4_pythia8_2018UL/crab.log to the CRAB cache.
