DEBUG 2023-08-03 22:21:18.650 UTC: 	 CRAB Client version: v3.230612
DEBUG 2023-08-03 22:21:18.650 UTC: 	 Running on: Linux cmslpc107.fnal.gov 3.10.0-1160.88.1.el7.x86_64 #1 SMP Tue Mar 7 08:37:40 CST 2023 x86_64 x86_64 x86_64 GNU/Linux - Scientific Linux 7.9 (Nitrogen)
DEBUG 2023-08-03 22:21:18.650 UTC: 	 Executing command: 'submit'
DEBUG 2023-08-03 22:21:18.651 UTC: 	 Found CRAB cache file /uscms/home/bbbam/.crab3
INFO 2023-08-03 22:21:18.663 UTC: 	 Will use CRAB configuration file crabConfig_gen_HToAATo4Tau_hadronic.py
DEBUG 2023-08-03 22:21:18.663 UTC: 	 Loading CRAB configuration file.
ERROR 2023-08-03 22:21:18.666 UTC: 	 Error while loading CRAB configuration:
invalid syntax (crabConfig_gen_HToAATo4Tau_hadronic.py, line 6)
Please refer to https://twiki.cern.ch/twiki/bin/view/CMSPublic/CRAB3FAQ
See the ./crab.log file for more details.
The documentation about the CRAB configuration file can be found in https://twiki.cern.ch/twiki/bin/view/CMSPublic/CRAB3ConfigurationFile
ERROR 2023-08-03 22:21:18.666 UTC: 	 Caught ClientException exception
Traceback (most recent call last):
  File "/cvmfs/cms.cern.ch/share/cms/crab-prod/v3.230612.00/bin/crab.py", line 159, in <module>
    client()
  File "/cvmfs/cms.cern.ch/share/cms/crab-prod/v3.230612.00/bin/crab.py", line 144, in __call__
    self.cmd = sub_cmd(self.logger, args[1:])
  File "/cvmfs/cms.cern.ch/share/cms/crab-prod/v3.230612.00/lib/CRABClient/Commands/submit.py", line 36, in __init__
    SubCommand.__init__(self, logger, cmdargs, disable_interspersed_args=True)
  File "/cvmfs/cms.cern.ch/share/cms/crab-prod/v3.230612.00/lib/CRABClient/Commands/SubCommand.py", line 316, in __init__
    self.loadConfig(self.options.config, self.args)
  File "/cvmfs/cms.cern.ch/share/cms/crab-prod/v3.230612.00/lib/CRABClient/Commands/SubCommand.py", line 89, in loadConfig
    raise ConfigurationException(configmsg)
ConfigurationException: Error while loading CRAB configuration:
invalid syntax (crabConfig_gen_HToAATo4Tau_hadronic.py, line 6)
Please refer to https://twiki.cern.ch/twiki/bin/view/CMSPublic/CRAB3FAQ
See the ./crab.log file for more details.
The documentation about the CRAB configuration file can be found in https://twiki.cern.ch/twiki/bin/view/CMSPublic/CRAB3ConfigurationFile
INFO 2023-08-03 22:21:18.675 UTC: 	 Log file is /uscms_data/d3/bbbam/analysis/MCGeneration/CMSSW_10_6_20/src/MCProduction/E2E-HToAATo4Tau/crab.log
DEBUG 2023-08-03 22:23:32.277 UTC: 	 CRAB Client version: v3.230612
DEBUG 2023-08-03 22:23:32.278 UTC: 	 Running on: Linux cmslpc107.fnal.gov 3.10.0-1160.88.1.el7.x86_64 #1 SMP Tue Mar 7 08:37:40 CST 2023 x86_64 x86_64 x86_64 GNU/Linux - Scientific Linux 7.9 (Nitrogen)
DEBUG 2023-08-03 22:23:32.278 UTC: 	 Executing command: 'submit'
DEBUG 2023-08-03 22:23:32.278 UTC: 	 Found CRAB cache file /uscms/home/bbbam/.crab3
INFO 2023-08-03 22:23:32.280 UTC: 	 Will use CRAB configuration file crabConfig_gen_HToAATo4Tau_hadronic.py
DEBUG 2023-08-03 22:23:32.280 UTC: 	 Loading CRAB configuration file.
ERROR 2023-08-03 22:23:32.282 UTC: 	 Error while loading CRAB configuration:
invalid syntax (crabConfig_gen_HToAATo4Tau_hadronic.py, line 14)
Please refer to https://twiki.cern.ch/twiki/bin/view/CMSPublic/CRAB3FAQ
See the ./crab.log file for more details.
The documentation about the CRAB configuration file can be found in https://twiki.cern.ch/twiki/bin/view/CMSPublic/CRAB3ConfigurationFile
ERROR 2023-08-03 22:23:32.283 UTC: 	 Caught ClientException exception
Traceback (most recent call last):
  File "/cvmfs/cms.cern.ch/share/cms/crab-prod/v3.230612.00/bin/crab.py", line 159, in <module>
    client()
  File "/cvmfs/cms.cern.ch/share/cms/crab-prod/v3.230612.00/bin/crab.py", line 144, in __call__
    self.cmd = sub_cmd(self.logger, args[1:])
  File "/cvmfs/cms.cern.ch/share/cms/crab-prod/v3.230612.00/lib/CRABClient/Commands/submit.py", line 36, in __init__
    SubCommand.__init__(self, logger, cmdargs, disable_interspersed_args=True)
  File "/cvmfs/cms.cern.ch/share/cms/crab-prod/v3.230612.00/lib/CRABClient/Commands/SubCommand.py", line 316, in __init__
    self.loadConfig(self.options.config, self.args)
  File "/cvmfs/cms.cern.ch/share/cms/crab-prod/v3.230612.00/lib/CRABClient/Commands/SubCommand.py", line 89, in loadConfig
    raise ConfigurationException(configmsg)
ConfigurationException: Error while loading CRAB configuration:
invalid syntax (crabConfig_gen_HToAATo4Tau_hadronic.py, line 14)
Please refer to https://twiki.cern.ch/twiki/bin/view/CMSPublic/CRAB3FAQ
See the ./crab.log file for more details.
The documentation about the CRAB configuration file can be found in https://twiki.cern.ch/twiki/bin/view/CMSPublic/CRAB3ConfigurationFile
INFO 2023-08-03 22:23:32.284 UTC: 	 Log file is /uscms_data/d3/bbbam/analysis/MCGeneration/CMSSW_10_6_20/src/MCProduction/E2E-HToAATo4Tau/crab.log
DEBUG 2023-08-03 22:28:50.914 UTC: 	 CRAB Client version: v3.230612
DEBUG 2023-08-03 22:28:50.914 UTC: 	 Running on: Linux cmslpc107.fnal.gov 3.10.0-1160.88.1.el7.x86_64 #1 SMP Tue Mar 7 08:37:40 CST 2023 x86_64 x86_64 x86_64 GNU/Linux - Scientific Linux 7.9 (Nitrogen)
DEBUG 2023-08-03 22:28:50.914 UTC: 	 Executing command: 'submit'
DEBUG 2023-08-03 22:28:50.915 UTC: 	 Found CRAB cache file /uscms/home/bbbam/.crab3
INFO 2023-08-03 22:28:50.917 UTC: 	 Will use CRAB configuration file crabConfig_gen_HToAATo4Tau_hadronic.py
DEBUG 2023-08-03 22:28:50.917 UTC: 	 Loading CRAB configuration file.
ERROR 2023-08-03 22:28:50.920 UTC: 	 Error while loading CRAB configuration:
invalid syntax (crabConfig_gen_HToAATo4Tau_hadronic.py, line 14)
Please refer to https://twiki.cern.ch/twiki/bin/view/CMSPublic/CRAB3FAQ
See the ./crab.log file for more details.
The documentation about the CRAB configuration file can be found in https://twiki.cern.ch/twiki/bin/view/CMSPublic/CRAB3ConfigurationFile
ERROR 2023-08-03 22:28:50.920 UTC: 	 Caught ClientException exception
Traceback (most recent call last):
  File "/cvmfs/cms.cern.ch/share/cms/crab-prod/v3.230612.00/bin/crab.py", line 159, in <module>
    client()
  File "/cvmfs/cms.cern.ch/share/cms/crab-prod/v3.230612.00/bin/crab.py", line 144, in __call__
    self.cmd = sub_cmd(self.logger, args[1:])
  File "/cvmfs/cms.cern.ch/share/cms/crab-prod/v3.230612.00/lib/CRABClient/Commands/submit.py", line 36, in __init__
    SubCommand.__init__(self, logger, cmdargs, disable_interspersed_args=True)
  File "/cvmfs/cms.cern.ch/share/cms/crab-prod/v3.230612.00/lib/CRABClient/Commands/SubCommand.py", line 316, in __init__
    self.loadConfig(self.options.config, self.args)
  File "/cvmfs/cms.cern.ch/share/cms/crab-prod/v3.230612.00/lib/CRABClient/Commands/SubCommand.py", line 89, in loadConfig
    raise ConfigurationException(configmsg)
ConfigurationException: Error while loading CRAB configuration:
invalid syntax (crabConfig_gen_HToAATo4Tau_hadronic.py, line 14)
Please refer to https://twiki.cern.ch/twiki/bin/view/CMSPublic/CRAB3FAQ
See the ./crab.log file for more details.
The documentation about the CRAB configuration file can be found in https://twiki.cern.ch/twiki/bin/view/CMSPublic/CRAB3ConfigurationFile
INFO 2023-08-03 22:28:50.922 UTC: 	 Log file is /uscms_data/d3/bbbam/analysis/MCGeneration/CMSSW_10_6_20/src/MCProduction/E2E-HToAATo4Tau/crab.log
